<?xml version="1.0" encoding="UTF-8"?>
<testsuite xmlns:xsi="http://www.w3.org/2001/XMLSchema-instance" xsi:noNamespaceSchemaLocation="https://maven.apache.org/surefire/maven-surefire-plugin/xsd/surefire-test-report-3.0.xsd" version="3.0" name="com.example.testBackend.TestBackendApplicationTests" time="4.443" tests="1" errors="0" skipped="0" failures="0">
  <properties>
[...]
</properties>
  <testcase name="contextLoads" classname="com.example.testBackend.TestBackendApplicationTests" time="1.018">
    <system-out><![CDATA[21:46:32.027 [main] INFO org.springframework.test.context.support.AnnotationConfigContextLoaderUtils -- Could not detect default configuration classes for test class [com.example.testBackend.TestBackendApplicationTests]: TestBackendApplicationTests does not declare any static, non-private, non-final, nested classes annotated with @Configuration.
21:46:32.165 [main] INFO org.springframework.boot.test.context.SpringBootTestContextBootstrapper -- Found @SpringBootConfiguration com.example.testBackend.TestBackendApplication for test class com.example.testBackend.TestBackendApplicationTests

  .   ____          _            __ _ _
 /\\ / ___'_ __ _ _(_)_ __  __ _ \ \ \ \
( ( )\___ | '_ | '_| | '_ \/ _` | \ \ \ \
 \\/  ___)| |_)| | | | | || (_| |  ) ) ) )
  '  |____| .__|_| |_|_| |_\__, | / / / /
 =========|_|==============|___/=/_/_/_/
 :: Spring Boot ::                (v3.2.2)

2024-03-24T21:46:32.739-03:00  INFO 4012 --- [           main] c.e.t.TestBackendApplicationTests        : Starting TestBackendApplicationTests using Java 17.0.1 with PID 4012 (started by Rachu in F:\MACS-Dal\5709\testBackend)
2024-03-24T21:46:32.742-03:00  INFO 4012 --- [           main] c.e.t.TestBackendApplicationTests        : No active profile set, falling back to 1 default profile: "default"
2024-03-24T21:46:33.442-03:00  INFO 4012 --- [           main] .s.d.r.c.RepositoryConfigurationDelegate : Bootstrapping Spring Data MongoDB repositories in DEFAULT mode.
2024-03-24T21:46:33.537-03:00  INFO 4012 --- [           main] .s.d.r.c.RepositoryConfigurationDelegate : Finished Spring Data repository scanning in 87 ms. Found 3 MongoDB repository interfaces.
2024-03-24T21:46:34.206-03:00  INFO 4012 --- [           main] org.mongodb.driver.client                : MongoClient with metadata {"driver": {"name": "mongo-java-driver|sync|spring-boot", "version": "4.11.1"}, "os": {"type": "Windows", "name": "Windows 10", "architecture": "amd64", "version": "10.0"}, "platform": "Java/Oracle Corporation/17.0.1+12-LTS-39"} created with settings MongoClientSettings{readPreference=primary, writeConcern=WriteConcern{w=majority, wTimeout=null ms, journal=null}, retryWrites=true, retryReads=true, readConcern=ReadConcern{level=null}, credential=MongoCredential{mechanism=null, userName='rachukhanna2347', source='admin', password=<hidden>, mechanismProperties=<hidden>}, transportSettings=null, streamFactoryFactory=null, commandListeners=[], codecRegistry=ProvidersCodecRegistry{codecProviders=[ValueCodecProvider{}, BsonValueCodecProvider{}, DBRefCodecProvider{}, DBObjectCodecProvider{}, DocumentCodecProvider{}, CollectionCodecProvider{}, IterableCodecProvider{}, MapCodecProvider{}, GeoJsonCodecProvider{}, GridFSFileCodecProvider{}, Jsr310CodecProvider{}, JsonObjectCodecProvider{}, BsonCodecProvider{}, EnumCodecProvider{}, com.mongodb.client.model.mql.ExpressionCodecProvider@6d091cad, com.mongodb.Jep395RecordCodecProvider@7c663eaf, com.mongodb.KotlinCodecProvider@3bb5ceb]}, loggerSettings=LoggerSettings{maxDocumentLength=1000}, clusterSettings={hosts=[127.0.0.1:27017], srvHost=questionbank.tu2rxde.mongodb.net, srvServiceName=mongodb, mode=MULTIPLE, requiredClusterType=REPLICA_SET, requiredReplicaSetName='atlas-nlh137-shard-0', serverSelector='null', clusterListeners='[]', serverSelectionTimeout='30000 ms', localThreshold='15 ms'}, socketSettings=SocketSettings{connectTimeoutMS=10000, readTimeoutMS=0, receiveBufferSize=0, proxySettings=ProxySettings{host=null, port=null, username=null, password=null}}, heartbeatSocketSettings=SocketSettings{connectTimeoutMS=10000, readTimeoutMS=10000, receiveBufferSize=0, proxySettings=ProxySettings{host=null, port=null, username=null, password=null}}, connectionPoolSettings=ConnectionPoolSettings{maxSize=100, minSize=0, maxWaitTimeMS=120000, maxConnectionLifeTimeMS=0, maxConnectionIdleTimeMS=0, maintenanceInitialDelayMS=0, maintenanceFrequencyMS=60000, connectionPoolListeners=[], maxConnecting=2}, serverSettings=ServerSettings{heartbeatFrequencyMS=10000, minHeartbeatFrequencyMS=500, serverListeners='[]', serverMonitorListeners='[]'}, sslSettings=SslSettings{enabled=true, invalidHostNameAllowed=false, context=null}, applicationName='null', compressorList=[], uuidRepresentation=JAVA_LEGACY, serverApi=null, autoEncryptionSettings=null, dnsClient=null, inetAddressResolver=null, contextProvider=null}
2024-03-24T21:46:34.440-03:00  INFO 4012 --- [xde.mongodb.net] org.mongodb.driver.cluster               : Adding discovered server ac-huwqbzi-shard-00-00.tu2rxde.mongodb.net:27017 to client view of cluster
2024-03-24T21:46:34.482-03:00  INFO 4012 --- [xde.mongodb.net] org.mongodb.driver.cluster               : Adding discovered server ac-huwqbzi-shard-00-01.tu2rxde.mongodb.net:27017 to client view of cluster
2024-03-24T21:46:34.485-03:00  INFO 4012 --- [xde.mongodb.net] org.mongodb.driver.cluster               : Adding discovered server ac-huwqbzi-shard-00-02.tu2rxde.mongodb.net:27017 to client view of cluster
2024-03-24T21:46:35.140-03:00  INFO 4012 --- [ngodb.net:27017] org.mongodb.driver.cluster               : Monitor thread successfully connected to server with description ServerDescription{address=ac-huwqbzi-shard-00-01.tu2rxde.mongodb.net:27017, type=REPLICA_SET_SECONDARY, state=CONNECTED, ok=true, minWireVersion=0, maxWireVersion=21, maxDocumentSize=16777216, logicalSessionTimeoutMinutes=30, roundTripTimeNanos=327682100, setName='atlas-nlh137-shard-0', canonicalAddress=ac-huwqbzi-shard-00-01.tu2rxde.mongodb.net:27017, hosts=[ac-huwqbzi-shard-00-00.tu2rxde.mongodb.net:27017, ac-huwqbzi-shard-00-01.tu2rxde.mongodb.net:27017, ac-huwqbzi-shard-00-02.tu2rxde.mongodb.net:27017], passives=[], arbiters=[], primary='ac-huwqbzi-shard-00-02.tu2rxde.mongodb.net:27017', tagSet=TagSet{[Tag{name='availabilityZone', value='use1-az1'}, Tag{name='diskState', value='READY'}, Tag{name='nodeType', value='ELECTABLE'}, Tag{name='provider', value='AWS'}, Tag{name='region', value='US_EAST_1'}, Tag{name='workloadType', value='OPERATIONAL'}]}, electionId=null, setVersion=12, topologyVersion=TopologyVersion{processId=65f9e282d33b3687fee57305, counter=3}, lastWriteDate=Sun Mar 24 21:46:38 ADT 2024, lastUpdateTimeNanos=70102773218999}
2024-03-24T21:46:35.140-03:00  INFO 4012 --- [ngodb.net:27017] org.mongodb.driver.cluster               : Monitor thread successfully connected to server with description ServerDescription{address=ac-huwqbzi-shard-00-00.tu2rxde.mongodb.net:27017, type=REPLICA_SET_SECONDARY, state=CONNECTED, ok=true, minWireVersion=0, maxWireVersion=21, maxDocumentSize=16777216, logicalSessionTimeoutMinutes=30, roundTripTimeNanos=327661400, setName='atlas-nlh137-shard-0', canonicalAddress=ac-huwqbzi-shard-00-00.tu2rxde.mongodb.net:27017, hosts=[ac-huwqbzi-shard-00-00.tu2rxde.mongodb.net:27017, ac-huwqbzi-shard-00-01.tu2rxde.mongodb.net:27017, ac-huwqbzi-shard-00-02.tu2rxde.mongodb.net:27017], passives=[], arbiters=[], primary='ac-huwqbzi-shard-00-02.tu2rxde.mongodb.net:27017', tagSet=TagSet{[Tag{name='availabilityZone', value='use1-az6'}, Tag{name='diskState', value='READY'}, Tag{name='nodeType', value='ELECTABLE'}, Tag{name='provider', value='AWS'}, Tag{name='region', value='US_EAST_1'}, Tag{name='workloadType', value='OPERATIONAL'}]}, electionId=null, setVersion=12, topologyVersion=TopologyVersion{processId=65f9e1a5e89e2d45e67e5be9, counter=4}, lastWriteDate=Sun Mar 24 21:46:38 ADT 2024, lastUpdateTimeNanos=70102773218999}
2024-03-24T21:46:35.140-03:00  INFO 4012 --- [ngodb.net:27017] org.mongodb.driver.cluster               : Monitor thread successfully connected to server with description ServerDescription{address=ac-huwqbzi-shard-00-02.tu2rxde.mongodb.net:27017, type=REPLICA_SET_PRIMARY, state=CONNECTED, ok=true, minWireVersion=0, maxWireVersion=21, maxDocumentSize=16777216, logicalSessionTimeoutMinutes=30, roundTripTimeNanos=327696700, setName='atlas-nlh137-shard-0', canonicalAddress=ac-huwqbzi-shard-00-02.tu2rxde.mongodb.net:27017, hosts=[ac-huwqbzi-shard-00-00.tu2rxde.mongodb.net:27017, ac-huwqbzi-shard-00-01.tu2rxde.mongodb.net:27017, ac-huwqbzi-shard-00-02.tu2rxde.mongodb.net:27017], passives=[], arbiters=[], primary='ac-huwqbzi-shard-00-02.tu2rxde.mongodb.net:27017', tagSet=TagSet{[Tag{name='availabilityZone', value='use1-az2'}, Tag{name='diskState', value='READY'}, Tag{name='nodeType', value='ELECTABLE'}, Tag{name='provider', value='AWS'}, Tag{name='region', value='US_EAST_1'}, Tag{name='workloadType', value='OPERATIONAL'}]}, electionId=7fffffff0000000000000153, setVersion=12, topologyVersion=TopologyVersion{processId=65f9e21595c9b5edc2744f08, counter=6}, lastWriteDate=Sun Mar 24 21:46:38 ADT 2024, lastUpdateTimeNanos=70102773219099}
2024-03-24T21:46:35.145-03:00  INFO 4012 --- [ngodb.net:27017] org.mongodb.driver.cluster               : Discovered replica set primary ac-huwqbzi-shard-00-02.tu2rxde.mongodb.net:27017 with max election id 7fffffff0000000000000153 and max set version 12
2024-03-24T21:46:35.250-03:00  INFO 4012 --- [           main] c.e.t.TestBackendApplicationTests        : Started TestBackendApplicationTests in 2.847 seconds (process running for 4.025)
]]></system-out>
  </testcase>
</testsuite>